2023-11-24T19:52:23.279+02:00  INFO 7540 --- [main] s.a.simplecrud.SimplecrudApplication     : Starting SimplecrudApplication v0.0.1-SNAPSHOT using Java 17.0.7 with PID 7540 (D:\Java(Homework)\dofd-05-java-YuriiFlys-main\target\simplecrud-0.0.1-SNAPSHOT.jar started by yurik in D:\Java(Homework)\dofd-05-java-YuriiFlys-main\target)
2023-11-24T19:52:23.281+02:00  INFO 7540 --- [main] s.a.simplecrud.SimplecrudApplication     : No active profile set, falling back to 1 default profile: "default"
2023-11-24T19:52:24.226+02:00  INFO 7540 --- [main] .s.d.r.c.RepositoryConfigurationDelegate : Bootstrapping Spring Data JPA repositories in DEFAULT mode.
2023-11-24T19:52:24.284+02:00  INFO 7540 --- [main] .s.d.r.c.RepositoryConfigurationDelegate : Finished Spring Data repository scanning in 51 ms. Found 1 JPA repository interfaces.
2023-11-24T19:52:24.887+02:00  INFO 7540 --- [main] o.s.b.w.embedded.tomcat.TomcatWebServer  : Tomcat initialized with port(s): 8080 (http)
2023-11-24T19:52:24.902+02:00  INFO 7540 --- [main] o.apache.catalina.core.StandardService   : Starting service [Tomcat]
2023-11-24T19:52:24.902+02:00  INFO 7540 --- [main] o.apache.catalina.core.StandardEngine    : Starting Servlet engine: [Apache Tomcat/10.1.7]
2023-11-24T19:52:24.992+02:00  INFO 7540 --- [main] o.a.c.c.C.[Tomcat].[localhost].[/]       : Initializing Spring embedded WebApplicationContext
2023-11-24T19:52:24.993+02:00  INFO 7540 --- [main] w.s.c.ServletWebServerApplicationContext : Root WebApplicationContext: initialization completed in 1672 ms
2023-11-24T19:52:25.089+02:00  INFO 7540 --- [main] com.zaxxer.hikari.HikariDataSource       : HikariPool-1 - Starting...
2023-11-24T19:52:25.335+02:00  INFO 7540 --- [main] com.zaxxer.hikari.pool.HikariPool        : HikariPool-1 - Added connection conn0: url=jdbc:h2:file:./productsDB user=SA
2023-11-24T19:52:25.338+02:00  INFO 7540 --- [main] com.zaxxer.hikari.HikariDataSource       : HikariPool-1 - Start completed.
2023-11-24T19:52:25.349+02:00  INFO 7540 --- [main] o.s.b.a.h2.H2ConsoleAutoConfiguration    : H2 console available at '/h2'. Database available at 'jdbc:h2:file:./productsDB'
2023-11-24T19:52:25.499+02:00  INFO 7540 --- [main] o.hibernate.jpa.internal.util.LogHelper  : HHH000204: Processing PersistenceUnitInfo [name: default]
2023-11-24T19:52:25.552+02:00  INFO 7540 --- [main] org.hibernate.Version                    : HHH000412: Hibernate ORM core version 6.1.7.Final
2023-11-24T19:52:25.821+02:00  INFO 7540 --- [main] SQL dialect                              : HHH000400: Using dialect: org.hibernate.dialect.H2Dialect
2023-11-24T19:52:26.370+02:00  INFO 7540 --- [main] o.h.e.t.j.p.i.JtaPlatformInitiator       : HHH000490: Using JtaPlatform implementation: [org.hibernate.engine.transaction.jta.platform.internal.NoJtaPlatform]
2023-11-24T19:52:26.377+02:00  INFO 7540 --- [main] j.LocalContainerEntityManagerFactoryBean : Initialized JPA EntityManagerFactory for persistence unit 'default'
2023-11-24T19:52:27.339+02:00  INFO 7540 --- [main] o.s.b.a.e.web.EndpointLinksResolver      : Exposing 3 endpoint(s) beneath base path '/actuator'
2023-11-24T19:52:27.439+02:00  INFO 7540 --- [main] o.s.b.w.embedded.tomcat.TomcatWebServer  : Tomcat started on port(s): 8080 (http) with context path ''
2023-11-24T19:52:27.453+02:00  INFO 7540 --- [main] s.a.simplecrud.SimplecrudApplication     : Started SimplecrudApplication in 4.615 seconds (process running for 5.006)
2023-11-24T19:52:36.910+02:00  INFO 7540 --- [http-nio-8080-exec-1] o.a.c.c.C.[Tomcat].[localhost].[/]       : Initializing Spring DispatcherServlet 'dispatcherServlet'
2023-11-24T19:52:36.911+02:00  INFO 7540 --- [http-nio-8080-exec-1] o.s.web.servlet.DispatcherServlet        : Initializing Servlet 'dispatcherServlet'
2023-11-24T19:52:36.912+02:00  INFO 7540 --- [http-nio-8080-exec-1] o.s.web.servlet.DispatcherServlet        : Completed initialization in 1 ms
2023-11-24T19:54:33.912+02:00  INFO 7540 --- [SpringApplicationShutdownHook] j.LocalContainerEntityManagerFactoryBean : Closing JPA EntityManagerFactory for persistence unit 'default'
2023-11-24T19:54:33.916+02:00  INFO 7540 --- [SpringApplicationShutdownHook] com.zaxxer.hikari.HikariDataSource       : HikariPool-1 - Shutdown initiated...
2023-11-24T19:54:33.920+02:00  INFO 7540 --- [SpringApplicationShutdownHook] com.zaxxer.hikari.HikariDataSource       : HikariPool-1 - Shutdown completed.
